<?xml version="1.0" encoding="UTF-8"?>
<!-- Generated by org.testng.reporters.JUnitXMLReporter -->
<testsuite ignored="0" hostname="PP-IN-LAP-193" failures="3" tests="5" name="GLAMS Test Cases" time="88.876" errors="0" timestamp="2025-03-30T17:43:00 IST">
  <testcase classname="com.glams.qa.testcases.GLAMSComponentTrackerPageTest" name="HoldAComponentJob" time="5.279">
    <failure type="java.lang.AssertionError" message="PartNumber not matched expected [BLI-12663-01jkjkhuf] but found [BLI-12663-01]">
      <![CDATA[java.lang.AssertionError: PartNumber not matched expected [BLI-12663-01jkjkhuf] but found [BLI-12663-01]
at com.glams.qa.pages.GLAMSComponentTrackerPage.SearchandJobControl(GLAMSComponentTrackerPage.java:43)
at com.glams.qa.testcases.GLAMSComponentTrackerPageTest.HoldAComponentJob(GLAMSComponentTrackerPageTest.java:87)
at java.base/java.util.ArrayList.forEach(ArrayList.java:1511)
... Removed 32 stack frames]]>
    </failure>
  </testcase> <!-- HoldAComponentJob -->
  <testcase classname="com.glams.qa.testcases.GLAMSComponentTrackerPageTest" name="verifyUserNameTest" time="0.146">
    <failure type="java.lang.AssertionError" message="expected [true] but found [false]">
      <![CDATA[java.lang.AssertionError: expected [true] but found [false]
at com.glams.qa.testcases.GLAMSComponentTrackerPageTest.verifyUserNameTest(GLAMSComponentTrackerPageTest.java:95)
at java.base/java.util.ArrayList.forEach(ArrayList.java:1511)
... Removed 31 stack frames]]>
    </failure>
  </testcase> <!-- verifyUserNameTest -->
  <testcase classname="com.glams.qa.testcases.GLAMSComponentTrackerPageTest" name="verifyDasboardTitlePageTest" time="0.012">
    <failure type="java.lang.AssertionError" message="Dashboard Page Title not matched expected [GLAMS - Global Artwork Management System] but found [GLAMS Component Tracker page]">
      <![CDATA[java.lang.AssertionError: Dashboard Page Title not matched expected [GLAMS - Global Artwork Management System] but found [GLAMS Component Tracker page]
at com.glams.qa.testcases.GLAMSComponentTrackerPageTest.verifyDasboardTitlePageTest(GLAMSComponentTrackerPageTest.java:102)
at java.base/java.util.ArrayList.forEach(ArrayList.java:1511)
... Removed 32 stack frames]]>
    </failure>
  </testcase> <!-- verifyDasboardTitlePageTest -->
  <testcase classname="com.glams.qa.testcases.GLAMSComponentTrackerPageTest" name="verifyclickOnGLAMSComponentRequestPageTest" time="2.109"/>
  <testcase classname="com.glams.qa.testcases.GLAMSComponentTrackerPageTest" name="verifyclickOnGLAMSComponentTrackerPageTest" time="1.74"/>
</testsuite> <!-- GLAMS Test Cases -->
