<?xml version="1.0" encoding="UTF-8"?>
<testng-results total="1" passed="0" failed="1" skipped="0">
  <reporter-output>
  </reporter-output>
  <suite started-at="2024-01-07T09:39:35Z" name="Default suite" finished-at="2024-01-07T09:39:41Z" duration-ms="5116">
    <groups>
    </groups>
    <test started-at="2024-01-07T09:39:35Z" name="Default test" finished-at="2024-01-07T09:39:41Z" duration-ms="5116">
      <class name="ExtendReports.FreeCRMTest$TestSuite">
        <test-method signature="runFreeCrmTests()[pri:0, instance:ExtendReports.FreeCRMTest$TestSuite@7b420819]" started-at="2024-01-07T15:09:36Z" name="runFreeCrmTests" finished-at="2024-01-07T15:09:40Z" duration-ms="4742" status="FAIL">
          <exception class="java.lang.NullPointerException">
            <message>
              <![CDATA[Cannot invoke "com.relevantcodes.extentreports.ExtentReports.startTest(String)" because "this.extent" is null]]>
            </message>
            <full-stacktrace>
              <![CDATA[java.lang.NullPointerException: Cannot invoke "com.relevantcodes.extentreports.ExtentReports.startTest(String)" because "this.extent" is null
	at ExtendReports.FreeCRMTest.freeCrmTitleTest(FreeCRMTest.java:83)
	at ExtendReports.FreeCRMTest$TestSuite.runFreeCrmTests(FreeCRMTest.java:105)
	at java.base/jdk.internal.reflect.NativeMethodAccessorImpl.invoke0(Native Method)
	at java.base/jdk.internal.reflect.NativeMethodAccessorImpl.invoke(NativeMethodAccessorImpl.java:77)
	at java.base/jdk.internal.reflect.DelegatingMethodAccessorImpl.invoke(DelegatingMethodAccessorImpl.java:43)
	at java.base/java.lang.reflect.Method.invoke(Method.java:568)
	at org.testng.internal.MethodInvocationHelper.invokeMethod(MethodInvocationHelper.java:85)
	at org.testng.internal.Invoker.invokeMethod(Invoker.java:639)
	at org.testng.internal.Invoker.invokeTestMethod(Invoker.java:816)
	at org.testng.internal.Invoker.invokeTestMethods(Invoker.java:1124)
	at org.testng.internal.TestMethodWorker.invokeTestMethods(TestMethodWorker.java:125)
	at org.testng.internal.TestMethodWorker.run(TestMethodWorker.java:108)
	at org.testng.TestRunner.privateRun(TestRunner.java:774)
	at org.testng.TestRunner.run(TestRunner.java:624)
	at org.testng.SuiteRunner.runTest(SuiteRunner.java:359)
	at org.testng.SuiteRunner.runSequentially(SuiteRunner.java:354)
	at org.testng.SuiteRunner.privateRun(SuiteRunner.java:312)
	at org.testng.SuiteRunner.run(SuiteRunner.java:261)
	at org.testng.SuiteRunnerWorker.runSuite(SuiteRunnerWorker.java:52)
	at org.testng.SuiteRunnerWorker.run(SuiteRunnerWorker.java:86)
	at org.testng.TestNG.runSuitesSequentially(TestNG.java:1191)
	at org.testng.TestNG.runSuitesLocally(TestNG.java:1116)
	at org.testng.TestNG.run(TestNG.java:1024)
	at org.testng.remote.AbstractRemoteTestNG.run(AbstractRemoteTestNG.java:115)
	at org.testng.remote.RemoteTestNG.initAndRun(RemoteTestNG.java:251)
	at org.testng.remote.RemoteTestNG.main(RemoteTestNG.java:77)
]]>
            </full-stacktrace>
          </exception> <!-- java.lang.NullPointerException -->
          <reporter-output>
          </reporter-output>
        </test-method> <!-- runFreeCrmTests -->
      </class> <!-- ExtendReports.FreeCRMTest$TestSuite -->
      <class name="ExtendReports.FreeCRMTest">
        <test-method is-config="true" signature="setExtent()[pri:0, instance:ExtendReports.FreeCRMTest@35432107]" started-at="2024-01-07T15:09:35Z" name="setExtent" finished-at="2024-01-07T15:09:36Z" duration-ms="231" status="PASS">
          <reporter-output>
          </reporter-output>
        </test-method> <!-- setExtent -->
        <test-method is-config="true" signature="endReport()[pri:0, instance:ExtendReports.FreeCRMTest@35432107]" started-at="2024-01-07T15:09:40Z" name="endReport" finished-at="2024-01-07T15:09:41Z" duration-ms="132" status="PASS">
          <reporter-output>
          </reporter-output>
        </test-method> <!-- endReport -->
      </class> <!-- ExtendReports.FreeCRMTest -->
    </test> <!-- Default test -->
  </suite> <!-- Default suite -->
</testng-results>
