<?xml version="1.0" encoding="UTF-8"?>
<!-- Generated by org.testng.reporters.JUnitXMLReporter -->
<testsuite ignored="0" hostname="PP-IN-LAP-193" failures="2" tests="7" name="GLAMS Test Cases" time="58.168" errors="0" timestamp="29 Sep 2024 15:45:23 GMT">
  <testcase classname="com.glams.qa.testcases.LoginPageTest" name="loginPageTitleTest" time="0.017"/>
  <testcase classname="com.glams.qa.testcases.DashboardPageTest" name="verifyUserNameTest" time="0.051">
    <failure type="java.lang.AssertionError" message="expected [true] but found [false]">
      <![CDATA[java.lang.AssertionError: expected [true] but found [false]
	at com.glams.qa.testcases.DashboardPageTest.verifyUserNameTest(DashboardPageTest.java:39)
... Removed 29 stack frames]]>
    </failure>
  </testcase> <!-- verifyUserNameTest -->
  <testcase classname="com.glams.qa.testcases.LoginPageTest" name="GLAMSLogoTest" time="1.489"/>
  <testcase classname="com.glams.qa.testcases.DashboardPageTest" name="verifyDasboardTitlePageTest" time="0.012">
    <failure type="java.lang.AssertionError" message="Dashboard Page Title not matched expected [GLAMS - Global Artwork Management System] but found [GLAMS Component Tracker]">
      <![CDATA[java.lang.AssertionError: Dashboard Page Title not matched expected [GLAMS - Global Artwork Management System] but found [GLAMS Component Tracker]
	at com.glams.qa.testcases.DashboardPageTest.verifyDasboardTitlePageTest(DashboardPageTest.java:45)
... Removed 30 stack frames]]>
    </failure>
  </testcase> <!-- verifyDasboardTitlePageTest -->
  <testcase classname="com.glams.qa.testcases.LoginPageTest" name="loginTest" time="2.82"/>
  <testcase classname="com.glams.qa.testcases.DashboardPageTest" name="verifyclickOnGLAMSComponentRequestPageTest" time="1.483"/>
  <testcase classname="com.glams.qa.testcases.DashboardPageTest" name="verifyclickOnGLAMSComponentTrackerPageTest" time="1.259"/>
</testsuite> <!-- GLAMS Test Cases -->
