<?xml version="1.0" encoding="UTF-8"?>
<!-- Generated by org.testng.reporters.JUnitReportReporter -->
<testsuite hostname="PP-IN-LAP-193" failures="0" tests="2" name="automationStepBystep.Tutorial6_GETPOST" time="2.118" errors="0" timestamp="2025-06-10T08:28:25 IST" skipped="0">
  <testcase classname="automationStepBystep.Tutorial6_GETPOST" name="testGET" time="1.711"/>
  <testcase classname="automationStepBystep.Tutorial6_GETPOST" name="testPOST" time="0.407"/>
</testsuite> <!-- automationStepBystep.Tutorial6_GETPOST -->
