<?xml version="1.0" encoding="UTF-8"?>
<!-- Generated by org.testng.reporters.JUnitReportReporter -->
<testsuite hostname="PP-IN-LAP-193" failures="0" tests="3" name="automationStepBystep.Tutorial6_PUTPATCHDELETE" time="2.512" errors="0" timestamp="2025-06-10T08:26:37 IST" skipped="0">
  <testcase classname="automationStepBystep.Tutorial6_PUTPATCHDELETE" name="testPUT" time="1.753"/>
  <testcase classname="automationStepBystep.Tutorial6_PUTPATCHDELETE" name="testPATCH" time="0.379"/>
  <testcase classname="automationStepBystep.Tutorial6_PUTPATCHDELETE" name="testDELETE" time="0.380"/>
</testsuite> <!-- automationStepBystep.Tutorial6_PUTPATCHDELETE -->
