<?xml version="1.0" encoding="UTF-8"?>
<testng-results ignored="0" total="1" passed="1" failed="0" skipped="0">
  <reporter-output>
  </reporter-output>
  <suite started-at="2025-04-05T18:05:58 IST" name="SampleSuite" finished-at="2025-04-05T18:05:58 IST" duration-ms="47">
    <groups>
    </groups>
    <test started-at="2025-04-05T18:05:58 IST" name="SampleTest" finished-at="2025-04-05T18:05:58 IST" duration-ms="47">
      <class name="com.example.tests.SampleTest">
        <test-method signature="testExample()[pri:0, instance:com.example.tests.SampleTest@169e6180]" started-at="2025-04-05T18:05:58 IST" name="testExample" finished-at="2025-04-05T18:05:58 IST" duration-ms="6" status="PASS">
          <reporter-output>
          </reporter-output>
        </test-method> <!-- testExample -->
      </class> <!-- com.example.tests.SampleTest -->
    </test> <!-- SampleTest -->
  </suite> <!-- SampleSuite -->
</testng-results>
